<?xml version="1.0" encoding="UTF-8" standalone="no"?>
<!DOCTYPE log SYSTEM "logger.dtd">
<log>
<record>
  <date>2019-03-28T14:38:34.434-0300</date>
  <logger>IZAQUIEL LUIZ DE FRANCA CORDEIRO</logger>
  <level>FINE</level>
  <message>File 118110489-IZAQUIEL LUIZ DE FRANCA CORDEIRO.zip was received. It was sent by IZAQUIEL LUIZ DE FRANCA CORDEIRO from IP 150.165.42.165</message>
</record>
</log>
<?xml version="1.0" encoding="UTF-8" standalone="no"?>
<!DOCTYPE log SYSTEM "logger.dtd">
<log>
<record>
  <date>2019-03-28T15:45:49.551-0300</date>
  <logger>IZAQUIEL LUIZ DE FRANCA CORDEIRO</logger>
  <level>FINE</level>
  <message>File 118110489-IZAQUIEL LUIZ DE FRANCA CORDEIRO.zip was received. It was sent by IZAQUIEL LUIZ DE FRANCA CORDEIRO from IP 150.165.42.165</message>
</record>
</log>
<?xml version="1.0" encoding="UTF-8" standalone="no"?>
<!DOCTYPE log SYSTEM "logger.dtd">
<log>
<record>
  <date>2019-03-28T15:46:33.704-0300</date>
  <logger>IZAQUIEL LUIZ DE FRANCA CORDEIRO</logger>
  <level>FINE</level>
  <message>File 118110489-IZAQUIEL LUIZ DE FRANCA CORDEIRO.zip was received. It was sent by IZAQUIEL LUIZ DE FRANCA CORDEIRO from IP 150.165.42.165</message>
</record>
</log>
<?xml version="1.0" encoding="UTF-8" standalone="no"?>
<!DOCTYPE log SYSTEM "logger.dtd">
<log>
<record>
  <date>2019-03-28T15:47:58.368-0300</date>
  <logger>IZAQUIEL LUIZ DE FRANCA CORDEIRO</logger>
  <level>FINE</level>
  <message>File 118110489-IZAQUIEL LUIZ DE FRANCA CORDEIRO.zip was received. It was sent by IZAQUIEL LUIZ DE FRANCA CORDEIRO from IP 150.165.42.165</message>
</record>
