<?xml version="1.0" encoding="UTF-8" standalone="no"?>
<!DOCTYPE log SYSTEM "logger.dtd">
<log>
<record>
  <date>2019-05-06T16:06:36.672-0300</date>
  <logger>IZAQUIEL LUIZ DE FRANCA CORDEIRO</logger>
  <level>FINE</level>
  <message>File 118110489-IZAQUIEL LUIZ DE FRANCA CORDEIRO.zip was received. It was sent by IZAQUIEL LUIZ DE FRANCA CORDEIRO from IP 150.165.42.162 at 06-05-2019 16*06*36</message>
</record>
</log>
<?xml version="1.0" encoding="UTF-8" standalone="no"?>
<!DOCTYPE log SYSTEM "logger.dtd">
<log>
<record>
  <date>2019-05-06T17:30:52.531-0300</date>
  <logger>IZAQUIEL LUIZ DE FRANCA CORDEIRO</logger>
  <level>FINE</level>
  <message>File 118110489-IZAQUIEL LUIZ DE FRANCA CORDEIRO.zip was received. It was sent by IZAQUIEL LUIZ DE FRANCA CORDEIRO from IP 150.165.42.162 at 06-05-2019 17*30*52</message>
</record>
</log>
<?xml version="1.0" encoding="UTF-8" standalone="no"?>
<!DOCTYPE log SYSTEM "logger.dtd">
<log>
<record>
  <date>2019-05-06T23:06:40.888-0300</date>
  <logger>IZAQUIEL LUIZ DE FRANCA CORDEIRO</logger>
  <level>FINE</level>
  <message>File 118110489-IZAQUIEL LUIZ DE FRANCA CORDEIRO.zip was received. It was sent by IZAQUIEL LUIZ DE FRANCA CORDEIRO from IP 192.168.0.135 at 06-05-2019 23*06*40</message>
</record>
