<?xml version="1.0" encoding="UTF-8" standalone="no"?>
<!DOCTYPE log SYSTEM "logger.dtd">
<log>
<record>
  <date>2019-04-01T16:32:49.539-0300</date>
  <logger>IZAQUIEL LUIZ DE FRANCA CORDEIRO</logger>
  <level>FINE</level>
  <message>File 118110489-IZAQUIEL LUIZ DE FRANCA CORDEIRO.zip was received. It was sent by IZAQUIEL LUIZ DE FRANCA CORDEIRO from IP 150.165.42.162</message>
</record>
</log>
<?xml version="1.0" encoding="UTF-8" standalone="no"?>
<!DOCTYPE log SYSTEM "logger.dtd">
<log>
<record>
  <date>2019-04-01T21:50:09.300-0300</date>
  <logger>IZAQUIEL LUIZ DE FRANCA CORDEIRO</logger>
  <level>FINE</level>
  <message>File 118110489-IZAQUIEL LUIZ DE FRANCA CORDEIRO.zip was received. It was sent by IZAQUIEL LUIZ DE FRANCA CORDEIRO from IP 192.168.0.135</message>
</record>
</log>
<?xml version="1.0" encoding="UTF-8" standalone="no"?>
<!DOCTYPE log SYSTEM "logger.dtd">
<log>
<record>
  <date>2019-04-01T21:58:22.107-0300</date>
  <logger>IZAQUIEL LUIZ DE FRANCA CORDEIRO</logger>
  <level>FINE</level>
  <message>File 118110489-IZAQUIEL LUIZ DE FRANCA CORDEIRO.zip was received. It was sent by IZAQUIEL LUIZ DE FRANCA CORDEIRO from IP 192.168.0.135</message>
</record>
</log>
<?xml version="1.0" encoding="UTF-8" standalone="no"?>
<!DOCTYPE log SYSTEM "logger.dtd">
<log>
<record>
  <date>2019-04-02T00:40:52.276-0300</date>
  <logger>IZAQUIEL LUIZ DE FRANCA CORDEIRO</logger>
  <level>FINE</level>
  <message>File 118110489-IZAQUIEL LUIZ DE FRANCA CORDEIRO.zip was received. It was sent by IZAQUIEL LUIZ DE FRANCA CORDEIRO from IP 192.168.0.135</message>
</record>
