<?xml version="1.0" encoding="UTF-8" standalone="no"?>
<!DOCTYPE log SYSTEM "logger.dtd">
<log>
<record>
  <date>2019-06-03T16:07:59.115-0300</date>
  <logger>IZAQUIEL LUIZ DE FRANCA CORDEIRO</logger>
  <level>FINE</level>
  <message>File 118110489-IZAQUIEL LUIZ DE FRANCA CORDEIRO.zip was received. It was sent by IZAQUIEL LUIZ DE FRANCA CORDEIRO from IP 150.165.42.165 at 03-06-2019 16*07*58</message>
</record>
</log>
<?xml version="1.0" encoding="UTF-8" standalone="no"?>
<!DOCTYPE log SYSTEM "logger.dtd">
<log>
<record>
  <date>2019-06-04T21:56:08.457-0300</date>
  <logger>IZAQUIEL LUIZ DE FRANCA CORDEIRO</logger>
  <level>FINE</level>
  <message>File 118110489-IZAQUIEL LUIZ DE FRANCA CORDEIRO.zip was received. It was sent by IZAQUIEL LUIZ DE FRANCA CORDEIRO from IP 192.168.0.135 at 04-06-2019 21*56*08</message>
</record>
</log>
<?xml version="1.0" encoding="UTF-8" standalone="no"?>
<!DOCTYPE log SYSTEM "logger.dtd">
<log>
<record>
  <date>2019-06-04T21:59:10.820-0300</date>
  <logger>IZAQUIEL LUIZ DE FRANCA CORDEIRO</logger>
  <level>FINE</level>
  <message>File 118110489-IZAQUIEL LUIZ DE FRANCA CORDEIRO.zip was received. It was sent by IZAQUIEL LUIZ DE FRANCA CORDEIRO from IP 192.168.0.135 at 04-06-2019 21*59*10</message>
</record>
