<?xml version="1.0" encoding="UTF-8" standalone="no"?>
<!DOCTYPE log SYSTEM "logger.dtd">
<log>
<record>
  <date>2019-04-04T14:09:06.398-0300</date>
  <logger>IZAQUIEL LUIZ DE FRANCA CORDEIRO</logger>
  <level>FINE</level>
  <message>File 118110489-IZAQUIEL LUIZ DE FRANCA CORDEIRO.zip was received. It was sent by IZAQUIEL LUIZ DE FRANCA CORDEIRO from IP 150.165.42.164</message>
</record>
</log>
<?xml version="1.0" encoding="UTF-8" standalone="no"?>
<!DOCTYPE log SYSTEM "logger.dtd">
<log>
<record>
  <date>2019-04-04T22:55:21.335-0300</date>
  <logger>IZAQUIEL LUIZ DE FRANCA CORDEIRO</logger>
  <level>FINE</level>
  <message>File 118110489-IZAQUIEL LUIZ DE FRANCA CORDEIRO.zip was received. It was sent by IZAQUIEL LUIZ DE FRANCA CORDEIRO from IP 192.168.0.135</message>
</record>
</log>
<?xml version="1.0" encoding="UTF-8" standalone="no"?>
<!DOCTYPE log SYSTEM "logger.dtd">
<log>
<record>
  <date>2019-04-04T22:56:26.799-0300</date>
  <logger>IZAQUIEL LUIZ DE FRANCA CORDEIRO</logger>
  <level>FINE</level>
  <message>File 118110489-IZAQUIEL LUIZ DE FRANCA CORDEIRO.zip was received. It was sent by IZAQUIEL LUIZ DE FRANCA CORDEIRO from IP 192.168.0.135</message>
</record>
</log>
<?xml version="1.0" encoding="UTF-8" standalone="no"?>
<!DOCTYPE log SYSTEM "logger.dtd">
<log>
<record>
  <date>2019-04-04T22:57:18.379-0300</date>
  <logger>IZAQUIEL LUIZ DE FRANCA CORDEIRO</logger>
  <level>FINE</level>
  <message>File 118110489-IZAQUIEL LUIZ DE FRANCA CORDEIRO.zip was received. It was sent by IZAQUIEL LUIZ DE FRANCA CORDEIRO from IP 192.168.0.135</message>
</record>
